<?xml version="1.0" encoding="UTF-8"?>
<!-- Generated by org.testng.reporters.JUnitReportReporter -->
<testsuite hostname="cristians-air.aag-de.ibmmobiledemo.com" name="com.practice.selenium.com.LogInTest" tests="1" failures="0" timestamp="7 Aug 2019 09:11:18 GMT" time="10.338" errors="0">
  <testcase name="loginTest" time="10.338" classname="com.practice.selenium.com.LogInTest"/>
</testsuite> <!-- com.practice.selenium.com.LogInTest -->
