<?xml version="1.0" encoding="UTF-8"?>
<!-- Generated by org.testng.reporters.JUnitReportReporter -->
<testsuite skipped="0" hostname="DESKTOP-ECH1G2J" name="com.practice.selenium.com.LogInTest" tests="1" failures="0" timestamp="2019-08-07T16:53:05 EEST" time="9.003" errors="0">
  <testcase name="loginTest" time="9.003" classname="com.practice.selenium.com.LogInTest"/>
</testsuite> <!-- com.practice.selenium.com.LogInTest -->
