<?xml version="1.0" encoding="UTF-8"?>
<!-- Generated by org.testng.reporters.JUnitReportReporter -->
<testsuite hostname="cristians-air" name="com.practice.selenium.com.LogInTest" tests="1" failures="0" timestamp="7 Aug 2019 21:19:47 GMT" time="7.601" errors="0">
  <testcase name="loginTest" time="7.601" classname="com.practice.selenium.com.LogInTest"/>
</testsuite> <!-- com.practice.selenium.com.LogInTest -->
