<?xml version="1.0" encoding="UTF-8"?>
<!-- Generated by org.testng.reporters.JUnitReportReporter -->
<testsuite hostname="Cristians-MacBook-Air.local" name="com.practice.selenium.com.SafariTest" tests="1" failures="0" timestamp="7 Aug 2019 08:13:19 GMT" time="10.688" errors="0">
  <testcase name="runSafariTest" time="10.688" classname="com.practice.selenium.com.SafariTest"/>
</testsuite> <!-- com.practice.selenium.com.SafariTest -->
