<?xml version="1.0" encoding="UTF-8"?>
<!-- Generated by org.testng.reporters.JUnitReportReporter -->
<testsuite skipped="0" hostname="cristians-air.aag-de.ibmmobiledemo.com" name="com.practice.selenium.com.LogInTest" tests="1" failures="0" timestamp="2019-08-06T18:08:06 EEST" time="8.636" errors="0">
  <testcase name="loginTest" time="8.636" classname="com.practice.selenium.com.LogInTest"/>
</testsuite> <!-- com.practice.selenium.com.LogInTest -->
